<?xml version="1.0" encoding="UTF-8"?>
<!-- Generated by org.testng.reporters.JUnitReportReporter -->
<testsuite hostname="fv-az290-445" failures="0" tests="2" name="runner.TestRunner" time="4.114" errors="0" timestamp="2022-03-06T03:49:53 UTC" skipped="0">
  <testcase classname="runner.TestRunner" name="runScenario" time="3.274"/>
  <system-out/>
  <testcase classname="runner.TestRunner" name="runScenario" time="0.840"/>
  <system-out/>
</testsuite> <!-- runner.TestRunner -->
